Tue Jun 13 02:58:11 CEST 2023 Thread[#1,main,5,main] Ignored duplicate property derby.module.validation in file:/Users/alejandramt/Developpement/java/org/apache/derby/modules.properties
Tue Jun 13 02:58:11 CEST 2023 Thread[#1,main,5,main] Ignored duplicate property derby.module.database.slave in file:/Users/alejandramt/Developpement/java/org/apache/derby/modules.properties
Tue Jun 13 02:58:11 CEST 2023 Thread[#1,main,5,main] Ignored duplicate property derby.module.classManagerJ2 in file:/Users/alejandramt/Developpement/java/org/apache/derby/modules.properties
Tue Jun 13 02:58:11 CEST 2023 Thread[#1,main,5,main] Ignored duplicate property derby.module.netServer.autoStart in file:/Users/alejandramt/Developpement/java/org/apache/derby/modules.properties
Tue Jun 13 02:58:11 CEST 2023 Thread[#1,main,5,main] Ignored duplicate property derby.module.access.btree in file:/Users/alejandramt/Developpement/java/org/apache/derby/modules.properties
Tue Jun 13 02:58:11 CEST 2023 Thread[#1,main,5,main] Ignored duplicate property derby.module.nativeAuthentication in file:/Users/alejandramt/Developpement/java/org/apache/derby/modules.properties
Tue Jun 13 02:58:11 CEST 2023 Thread[#1,main,5,main] Ignored duplicate property derby.module.access.uniquewithduplicatenullssort in file:/Users/alejandramt/Developpement/java/org/apache/derby/modules.properties
Tue Jun 13 02:58:11 CEST 2023 Thread[#1,main,5,main] Ignored duplicate property derby.env.classes.jdbcJ8 in file:/Users/alejandramt/Developpement/java/org/apache/derby/modules.properties
Tue Jun 13 02:58:11 CEST 2023 Thread[#1,main,5,main] Ignored duplicate property derby.module.daemon in file:/Users/alejandramt/Developpement/java/org/apache/derby/modules.properties
Tue Jun 13 02:58:11 CEST 2023 Thread[#1,main,5,main] Ignored duplicate property derby.module.lf in file:/Users/alejandramt/Developpement/java/org/apache/derby/modules.properties
Tue Jun 13 02:58:11 CEST 2023 Thread[#1,main,5,main] Ignored duplicate property derby.module.uuidJ1 in file:/Users/alejandramt/Developpement/java/org/apache/derby/modules.properties
Tue Jun 13 02:58:11 CEST 2023 Thread[#1,main,5,main] Ignored duplicate property derby.env.jdk.cryptographyJ2 in file:/Users/alejandramt/Developpement/java/org/apache/derby/modules.properties
Tue Jun 13 02:58:11 CEST 2023 Thread[#1,main,5,main] Ignored duplicate property derby.module.timerJ1 in file:/Users/alejandramt/Developpement/java/org/apache/derby/modules.properties
Tue Jun 13 02:58:11 CEST 2023 Thread[#1,main,5,main] Ignored duplicate property derby.module.rawStore.transaction in file:/Users/alejandramt/Developpement/java/org/apache/derby/modules.properties
Tue Jun 13 02:58:11 CEST 2023 Thread[#1,main,5,main] Ignored duplicate property derby.module.cryptographyJ2 in file:/Users/alejandramt/Developpement/java/org/apache/derby/modules.properties
Tue Jun 13 02:58:11 CEST 2023 Thread[#1,main,5,main] Ignored duplicate property derby.env.jdk.resourceAdapterJ2 in file:/Users/alejandramt/Developpement/java/org/apache/derby/modules.properties
Tue Jun 13 02:58:11 CEST 2023 Thread[#1,main,5,main] Ignored duplicate property derby.module.access.sort in file:/Users/alejandramt/Developpement/java/org/apache/derby/modules.properties
Tue Jun 13 02:58:11 CEST 2023 Thread[#1,main,5,main] Ignored duplicate property derby.env.classes.JNDIAuthentication in file:/Users/alejandramt/Developpement/java/org/apache/derby/modules.properties
Tue Jun 13 02:58:11 CEST 2023 Thread[#1,main,5,main] Ignored duplicate property derby.module.basicAuthentication in file:/Users/alejandramt/Developpement/java/org/apache/derby/modules.properties
Tue Jun 13 02:58:11 CEST 2023 Thread[#1,main,5,main] Ignored duplicate property derby.module.tcf in file:/Users/alejandramt/Developpement/java/org/apache/derby/modules.properties
Tue Jun 13 02:58:11 CEST 2023 Thread[#1,main,5,main] Ignored duplicate property derby.module.database in file:/Users/alejandramt/Developpement/java/org/apache/derby/modules.properties
Tue Jun 13 02:58:11 CEST 2023 Thread[#1,main,5,main] Ignored duplicate property derby.module.ef in file:/Users/alejandramt/Developpement/java/org/apache/derby/modules.properties
Tue Jun 13 02:58:11 CEST 2023 Thread[#1,main,5,main] Ignored duplicate property derby.module.streams in file:/Users/alejandramt/Developpement/java/org/apache/derby/modules.properties
Tue Jun 13 02:58:11 CEST 2023 Thread[#1,main,5,main] Ignored duplicate property derby.module.lcf in file:/Users/alejandramt/Developpement/java/org/apache/derby/modules.properties
Tue Jun 13 02:58:11 CEST 2023 Thread[#1,main,5,main] Ignored duplicate property derby.module.rawStore.log.readonly in file:/Users/alejandramt/Developpement/java/org/apache/derby/modules.properties
Tue Jun 13 02:58:11 CEST 2023 Thread[#1,main,5,main] Ignored duplicate property derby.env.jdk.lockManagerJ6 in file:/Users/alejandramt/Developpement/java/org/apache/derby/modules.properties
Tue Jun 13 02:58:11 CEST 2023 Thread[#1,main,5,main] Ignored duplicate property derby.module.dataDictionary in file:/Users/alejandramt/Developpement/java/org/apache/derby/modules.properties
Tue Jun 13 02:58:11 CEST 2023 Thread[#1,main,5,main] Ignored duplicate property derby.env.classes.resourceAdapterJ2 in file:/Users/alejandramt/Developpement/java/org/apache/derby/modules.properties
Tue Jun 13 02:58:11 CEST 2023 Thread[#1,main,5,main] Ignored duplicate property derby.env.classes.rawStore.data.genericJ4 in file:/Users/alejandramt/Developpement/java/org/apache/derby/modules.properties
Tue Jun 13 02:58:11 CEST 2023 Thread[#1,main,5,main] Ignored duplicate property derby.module.XPLAINFactory in file:/Users/alejandramt/Developpement/java/org/apache/derby/modules.properties
Tue Jun 13 02:58:11 CEST 2023 Thread[#1,main,5,main] Ignored duplicate property derby.module.resourceAdapterJ2 in file:/Users/alejandramt/Developpement/java/org/apache/derby/modules.properties
Tue Jun 13 02:58:11 CEST 2023 Thread[#1,main,5,main] Ignored duplicate property derby.module.rawStore.log in file:/Users/alejandramt/Developpement/java/org/apache/derby/modules.properties
Tue Jun 13 02:58:11 CEST 2023 Thread[#1,main,5,main] Ignored duplicate property derby.env.classes.cryptographyJ2 in file:/Users/alejandramt/Developpement/java/org/apache/derby/modules.properties
Tue Jun 13 02:58:11 CEST 2023 Thread[#1,main,5,main] Ignored duplicate property derby.module.resultSetStatisticsFactory in file:/Users/alejandramt/Developpement/java/org/apache/derby/modules.properties
Tue Jun 13 02:58:11 CEST 2023 Thread[#1,main,5,main] Ignored duplicate property derby.module.access.heap in file:/Users/alejandramt/Developpement/java/org/apache/derby/modules.properties
Tue Jun 13 02:58:11 CEST 2023 Thread[#1,main,5,main] Ignored duplicate property derby.module.dvfJ2 in file:/Users/alejandramt/Developpement/java/org/apache/derby/modules.properties
Tue Jun 13 02:58:11 CEST 2023 Thread[#1,main,5,main] Ignored duplicate property derby.module.optimizer in file:/Users/alejandramt/Developpement/java/org/apache/derby/modules.properties
Tue Jun 13 02:58:11 CEST 2023 Thread[#1,main,5,main] Ignored duplicate property derby.module.jdbcJ8 in file:/Users/alejandramt/Developpement/java/org/apache/derby/modules.properties
Tue Jun 13 02:58:11 CEST 2023 Thread[#1,main,5,main] Ignored duplicate property derby.env.jdk.cacheManagerJ6 in file:/Users/alejandramt/Developpement/java/org/apache/derby/modules.properties
Tue Jun 13 02:58:11 CEST 2023 Thread[#1,main,5,main] Ignored duplicate property derby.module.mgmt.jmx in file:/Users/alejandramt/Developpement/java/org/apache/derby/modules.properties
Tue Jun 13 02:58:11 CEST 2023 Thread[#1,main,5,main] Ignored duplicate property derby.module.lockManagerJ6 in file:/Users/alejandramt/Developpement/java/org/apache/derby/modules.properties
Tue Jun 13 02:58:11 CEST 2023 Thread[#1,main,5,main] Ignored duplicate property derby.module.replication.master in file:/Users/alejandramt/Developpement/java/org/apache/derby/modules.properties
Tue Jun 13 02:58:11 CEST 2023 Thread[#1,main,5,main] Ignored duplicate property derby.module.NoneAuthentication in file:/Users/alejandramt/Developpement/java/org/apache/derby/modules.properties
Tue Jun 13 02:58:11 CEST 2023 Thread[#1,main,5,main] Ignored duplicate property derby.module.rawStore.data.genericJ4 in file:/Users/alejandramt/Developpement/java/org/apache/derby/modules.properties
Tue Jun 13 02:58:11 CEST 2023 Thread[#1,main,5,main] Ignored duplicate property derby.env.jdk.jdbcJ8 in file:/Users/alejandramt/Developpement/java/org/apache/derby/modules.properties
Tue Jun 13 02:58:11 CEST 2023 Thread[#1,main,5,main] Ignored duplicate property derby.module.rawStore.data.genericJ1 in file:/Users/alejandramt/Developpement/java/org/apache/derby/modules.properties
Tue Jun 13 02:58:11 CEST 2023 Thread[#1,main,5,main] Ignored duplicate property derby.module.cacheManagerJ6 in file:/Users/alejandramt/Developpement/java/org/apache/derby/modules.properties
Tue Jun 13 02:58:11 CEST 2023 Thread[#1,main,5,main] Ignored duplicate property derby.env.classes.dvfJ2 in file:/Users/alejandramt/Developpement/java/org/apache/derby/modules.properties
Tue Jun 13 02:58:11 CEST 2023 Thread[#1,main,5,main] Ignored duplicate property derby.env.jdk.dvfJ2 in file:/Users/alejandramt/Developpement/java/org/apache/derby/modules.properties
Tue Jun 13 02:58:11 CEST 2023 Thread[#1,main,5,main] Ignored duplicate property derby.module.replication.slave in file:/Users/alejandramt/Developpement/java/org/apache/derby/modules.properties
Tue Jun 13 02:58:11 CEST 2023 Thread[#1,main,5,main] Ignored duplicate property derby.module.javaCompiler in file:/Users/alejandramt/Developpement/java/org/apache/derby/modules.properties
Tue Jun 13 02:58:11 CEST 2023 Thread[#1,main,5,main] Ignored duplicate property derby.module.specificAuthentication in file:/Users/alejandramt/Developpement/java/org/apache/derby/modules.properties
Tue Jun 13 02:58:11 CEST 2023 Thread[#1,main,5,main] Ignored duplicate property derby.module.mgmt.null in file:/Users/alejandramt/Developpement/java/org/apache/derby/modules.properties
Tue Jun 13 02:58:11 CEST 2023 Thread[#1,main,5,main] Ignored duplicate property derby.module.rawStore in file:/Users/alejandramt/Developpement/java/org/apache/derby/modules.properties
Tue Jun 13 02:58:11 CEST 2023 Thread[#1,main,5,main] Ignored duplicate property derby.module.JNDIAuthentication in file:/Users/alejandramt/Developpement/java/org/apache/derby/modules.properties
Tue Jun 13 02:58:11 CEST 2023 Thread[#1,main,5,main] Ignored duplicate property derby.module.access in file:/Users/alejandramt/Developpement/java/org/apache/derby/modules.properties
Tue Jun 13 02:58:11 CEST 2023 Thread[#1,main,5,main] Ignored duplicate property derby.env.jdk.rawStore.data.genericJ1 in file:/Users/alejandramt/Developpement/java/org/apache/derby/modules.properties
Tue Jun 13 02:58:11 CEST 2023 Thread[#1,main,5,main] Ignored duplicate property derby.env.jdk.mgmt.jmx in file:/Users/alejandramt/Developpement/java/org/apache/derby/modules.properties
Tue Jun 13 02:58:11 CEST 2023 Thread[#1,main,5,main] Ignored duplicate property derby.env.jdk.rawStore.data.genericJ4 in file:/Users/alejandramt/Developpement/java/org/apache/derby/modules.properties
----------------------------------------------------------------
Tue Jun 13 02:58:11 CEST 2023:
Amorçage de Derby version The Apache Software Foundation - Apache Derby - 10.16.1.1 - (1901046) : instance a816c00e-0188-b242-a0f0-00000753d730 
dans le répertoire de base de données /Users/alejandramt/Developpement/java/zc_29_bases_de_donnees_avec_jdbc/stocks avec le chargeur de classe jdk.internal.loader.ClassLoaders$AppClassLoader@4e0e2f2a
Chargé de file:/usr/local/Cellar/derby/10.16.1.1/libexec/lib/derby.jar
java.vendor=Oracle Corporation
java.runtime.version=20.0.1+9-29
user.dir=/Users/alejandramt/Developpement/java/zc_29_bases_de_donnees_avec_jdbc
os.name=Mac OS X
os.arch=x86_64
os.version=13.4
derby.system.home=null
Chargeur de classe de la base de données démarré - derby.database.classpath = ''
